<?xml version="1.0" encoding="UTF-8" ?>
<testsuite tests="4" failures="0" name="com.mitchell.vehicle.daoTest.VehicleTest" time="0.795" errors="0" skipped="0">
  <properties>
[...]
</properties>
  <testcase classname="com.mitchell.vehicle.daoTest.VehicleTest" name="addVehicle" time="0.469"/>
  <testcase classname="com.mitchell.vehicle.daoTest.VehicleTest" name="getVehicle" time="0.148"/>
  <testcase classname="com.mitchell.vehicle.daoTest.VehicleTest" name="getVehicleByProperty" time="0.1"/>
  <testcase classname="com.mitchell.vehicle.daoTest.VehicleTest" name="getVehicles" time="0.078"/>
</testsuite>