<?xml version="1.0" encoding="UTF-8"?>
<testng-results skipped="0" failed="0" total="5" passed="5">
  <reporter-output>
  </reporter-output>
  <suite name="Default suite" duration-ms="771" started-at="2016-06-15T08:46:45Z" finished-at="2016-06-15T08:46:46Z">
    <groups>
      <group name="VehicleTest">
        <method signature="VehicleTest.addVehicle()[pri:0, instance:com.mitchell.vehicle.daoTest.VehicleTest@5d3411d]" name="addVehicle" class="com.mitchell.vehicle.daoTest.VehicleTest"/>
        <method signature="VehicleTest.getVehicle()[pri:0, instance:com.mitchell.vehicle.daoTest.VehicleTest@5d3411d]" name="getVehicle" class="com.mitchell.vehicle.daoTest.VehicleTest"/>
        <method signature="VehicleTest.getVehicleByProperty()[pri:0, instance:com.mitchell.vehicle.daoTest.VehicleTest@5d3411d]" name="getVehicleByProperty" class="com.mitchell.vehicle.daoTest.VehicleTest"/>
        <method signature="VehicleTest.getVehicles()[pri:0, instance:com.mitchell.vehicle.daoTest.VehicleTest@5d3411d]" name="getVehicles" class="com.mitchell.vehicle.daoTest.VehicleTest"/>
        <method signature="VehicleTest.removeVehicle()[pri:0, instance:com.mitchell.vehicle.daoTest.VehicleTest@5d3411d]" name="removeVehicle" class="com.mitchell.vehicle.daoTest.VehicleTest"/>
      </group> <!-- VehicleTest -->
    </groups>
    <test name="Default test" duration-ms="771" started-at="2016-06-15T08:46:45Z" finished-at="2016-06-15T08:46:46Z">
      <class name="com.mitchell.vehicle.daoTest.VehicleTest">
        <test-method status="PASS" signature="addVehicle()[pri:0, instance:com.mitchell.vehicle.daoTest.VehicleTest@5d3411d]" name="addVehicle" duration-ms="457" started-at="2016-06-15T01:46:45Z" finished-at="2016-06-15T01:46:46Z">
          <reporter-output>
          </reporter-output>
        </test-method> <!-- addVehicle -->
        <test-method status="PASS" signature="getVehicle()[pri:0, instance:com.mitchell.vehicle.daoTest.VehicleTest@5d3411d]" name="getVehicle" duration-ms="92" started-at="2016-06-15T01:46:46Z" finished-at="2016-06-15T01:46:46Z">
          <reporter-output>
          </reporter-output>
        </test-method> <!-- getVehicle -->
        <test-method status="PASS" signature="getVehicleByProperty()[pri:0, instance:com.mitchell.vehicle.daoTest.VehicleTest@5d3411d]" name="getVehicleByProperty" duration-ms="45" started-at="2016-06-15T01:46:46Z" finished-at="2016-06-15T01:46:46Z">
          <reporter-output>
          </reporter-output>
        </test-method> <!-- getVehicleByProperty -->
        <test-method status="PASS" signature="getVehicles()[pri:0, instance:com.mitchell.vehicle.daoTest.VehicleTest@5d3411d]" name="getVehicles" duration-ms="51" started-at="2016-06-15T01:46:46Z" finished-at="2016-06-15T01:46:46Z">
          <reporter-output>
          </reporter-output>
        </test-method> <!-- getVehicles -->
        <test-method status="PASS" signature="removeVehicle()[pri:0, instance:com.mitchell.vehicle.daoTest.VehicleTest@5d3411d]" name="removeVehicle" duration-ms="43" started-at="2016-06-15T01:46:46Z" finished-at="2016-06-15T01:46:46Z">
          <reporter-output>
          </reporter-output>
        </test-method> <!-- removeVehicle -->
      </class> <!-- com.mitchell.vehicle.daoTest.VehicleTest -->
    </test> <!-- Default test -->
  </suite> <!-- Default suite -->
</testng-results>
