<?xml version="1.0" encoding="UTF-8"?>
<!-- Generated by org.testng.reporters.JUnitXMLReporter -->
<testsuite hostname="Vatsal" name="Command line test" tests="4" failures="0" timestamp="15 Jun 2016 09:21:02 GMT" time="0.85" errors="0">
  <testcase name="addVehicle" time="0.456" classname="com.mitchell.vehicle.daoTest.VehicleTest"/>
  <testcase name="getVehicle" time="0.144" classname="com.mitchell.vehicle.daoTest.VehicleTest"/>
  <testcase name="getVehicleByProperty" time="0.116" classname="com.mitchell.vehicle.daoTest.VehicleTest"/>
  <testcase name="getVehicles" time="0.075" classname="com.mitchell.vehicle.daoTest.VehicleTest"/>
</testsuite> <!-- Command line test -->
